<?xml version="1.0" encoding="UTF-8"?>
<!-- Generated by org.testng.reporters.JUnitReportReporter -->
<testsuite hostname="LENOVO" name="com.BankerChat.testScript.Sprint1_FullCycle.TestExecute" tests="4" failures="0" timestamp="31 May 2017 09:19:04 GMT" time="115.043" errors="0">
  <testcase name="testClaimed" time="30.868" classname="com.BankerChat.testScript.Sprint1_FullCycle.TestExecute"/>
  <testcase name="testLogin" time="20.001" classname="com.BankerChat.testScript.Sprint1_FullCycle.TestExecute"/>
  <testcase name="testSignOut" time="41.876" classname="com.BankerChat.testScript.Sprint1_FullCycle.TestExecute"/>
  <testcase name="testUnclaimed" time="22.298" classname="com.BankerChat.testScript.Sprint1_FullCycle.TestExecute"/>
</testsuite> <!-- com.BankerChat.testScript.Sprint1_FullCycle.TestExecute -->
