<?xml version="1.0" encoding="UTF-8"?>
<!-- Generated by org.testng.reporters.JUnitReportReporter -->
<testsuite hostname="LENOVO" name="com.BankerChat.testScript.Sprint1_FullCycle.FacebookExecute" tests="1" failures="0" timestamp="31 May 2017 09:19:04 GMT" time="67.200" errors="0">
  <testcase name="facebook" time="67.200" classname="com.BankerChat.testScript.Sprint1_FullCycle.FacebookExecute"/>
</testsuite> <!-- com.BankerChat.testScript.Sprint1_FullCycle.FacebookExecute -->
